This file contains any messages produced by compilers while
running configure, to aid debugging if configure makes a mistake.

It was created by liblist configure 2.4, which was
generated by GNU Autoconf 2.65.  Invocation command line was

  $ ./configure 

## --------- ##
## Platform. ##
## --------- ##

hostname = u-fedora
uname -m = x86_64
uname -r = 3.2.0-65-generic
uname -s = Linux
uname -v = #99-Ubuntu SMP Fri Jul 4 21:03:29 UTC 2014

/usr/bin/uname -p = unknown
/bin/uname -X     = unknown

/bin/arch              = unknown
/usr/bin/arch -k       = unknown
/usr/convex/getsysinfo = unknown
/usr/bin/hostinfo      = unknown
/bin/machine           = unknown
/usr/bin/oslevel       = unknown
/bin/universe          = unknown

PATH: /public/bin
PATH: /usr/local/sbin
PATH: /usr/local/bin
PATH: /usr/sbin
PATH: /usr/bin
PATH: /sbin
PATH: /bin
PATH: /usr/games


## ----------- ##
## Core tests. ##
## ----------- ##

configure:2271: checking for a BSD-compatible install
configure:2339: result: /usr/bin/install -c
configure:2350: checking whether build environment is sane
configure:2400: result: yes
configure:2541: checking for a thread-safe mkdir -p
configure:2580: result: /bin/mkdir -p
configure:2593: checking for gawk
configure:2609: found /usr/bin/gawk
configure:2620: result: gawk
configure:2631: checking whether make sets $(MAKE)
configure:2653: result: yes
configure:2746: checking for style of include used by make
configure:2774: result: GNU
configure:2844: checking for gcc
configure:2860: found /usr/bin/gcc
configure:2871: result: gcc
configure:3100: checking for C compiler version
configure:3109: gcc --version >&5
gcc (Ubuntu/Linaro 4.6.3-1ubuntu5) 4.6.3
Copyright (C) 2011 Free Software Foundation, Inc.
This is free software; see the source for copying conditions.  There is NO
warranty; not even for MERCHANTABILITY or FITNESS FOR A PARTICULAR PURPOSE.

configure:3120: $? = 0
configure:3109: gcc -v >&5
Using built-in specs.
COLLECT_GCC=gcc
COLLECT_LTO_WRAPPER=/usr/lib/gcc/x86_64-linux-gnu/4.6/lto-wrapper
Target: x86_64-linux-gnu
Configured with: ../src/configure -v --with-pkgversion='Ubuntu/Linaro 4.6.3-1ubuntu5' --with-bugurl=file:///usr/share/doc/gcc-4.6/README.Bugs --enable-languages=c,c++,fortran,objc,obj-c++ --prefix=/usr --program-suffix=-4.6 --enable-shared --enable-linker-build-id --with-system-zlib --libexecdir=/usr/lib --without-included-gettext --enable-threads=posix --with-gxx-include-dir=/usr/include/c++/4.6 --libdir=/usr/lib --enable-nls --with-sysroot=/ --enable-clocale=gnu --enable-libstdcxx-debug --enable-libstdcxx-time=yes --enable-gnu-unique-object --enable-plugin --enable-objc-gc --disable-werror --with-arch-32=i686 --with-tune=generic --enable-checking=release --build=x86_64-linux-gnu --host=x86_64-linux-gnu --target=x86_64-linux-gnu
Thread model: posix
gcc version 4.6.3 (Ubuntu/Linaro 4.6.3-1ubuntu5) 
configure:3120: $? = 0
configure:3109: gcc -V >&5
gcc: error: unrecognized option '-V'
gcc: fatal error: no input files
compilation terminated.
configure:3120: $? = 4
configure:3109: gcc -qversion >&5
gcc: error: unrecognized option '-qversion'
gcc: fatal error: no input files
compilation terminated.
configure:3120: $? = 4
configure:3140: checking whether the C compiler works
configure:3162: gcc    conftest.c  >&5
configure:3166: $? = 0
configure:3215: result: yes
configure:3218: checking for C compiler default output file name
configure:3220: result: a.out
configure:3226: checking for suffix of executables
configure:3233: gcc -o conftest    conftest.c  >&5
configure:3237: $? = 0
configure:3259: result: 
configure:3281: checking whether we are cross compiling
configure:3289: gcc -o conftest    conftest.c  >&5
configure:3293: $? = 0
configure:3300: ./conftest
configure:3304: $? = 0
configure:3319: result: no
configure:3324: checking for suffix of object files
configure:3346: gcc -c   conftest.c >&5
configure:3350: $? = 0
configure:3371: result: o
configure:3375: checking whether we are using the GNU C compiler
configure:3394: gcc -c   conftest.c >&5
configure:3394: $? = 0
configure:3403: result: yes
configure:3412: checking whether gcc accepts -g
configure:3432: gcc -c -g  conftest.c >&5
configure:3432: $? = 0
configure:3473: result: yes
configure:3490: checking for gcc option to accept ISO C89
configure:3554: gcc  -c -g -O2  conftest.c >&5
configure:3554: $? = 0
configure:3567: result: none needed
configure:3589: checking dependency style of gcc
configure:3699: result: gcc3
configure:3715: checking whether gcc and cc understand -c and -o together
configure:3746: gcc -c conftest.c -o conftest2.o >&5
configure:3750: $? = 0
configure:3756: gcc -c conftest.c -o conftest2.o >&5
configure:3760: $? = 0
configure:3771: cc -c conftest.c >&5
configure:3775: $? = 0
configure:3783: cc -c conftest.c -o conftest2.o >&5
configure:3787: $? = 0
configure:3793: cc -c conftest.c -o conftest2.o >&5
configure:3797: $? = 0
configure:3815: result: yes
configure:3869: checking build system type
configure:3883: result: x86_64-unknown-linux-gnu
configure:3903: checking host system type
configure:3916: result: x86_64-unknown-linux-gnu
configure:3957: checking how to print strings
configure:3984: result: printf
configure:4005: checking for a sed that does not truncate output
configure:4069: result: /bin/sed
configure:4087: checking for grep that handles long lines and -e
configure:4145: result: /bin/grep
configure:4150: checking for egrep
configure:4212: result: /bin/grep -E
configure:4217: checking for fgrep
configure:4279: result: /bin/grep -F
configure:4314: checking for ld used by gcc
configure:4381: result: /usr/bin/ld
configure:4388: checking if the linker (/usr/bin/ld) is GNU ld
configure:4403: result: yes
configure:4415: checking for BSD- or MS-compatible name lister (nm)
configure:4464: result: /usr/bin/nm -B
configure:4594: checking the name lister (/usr/bin/nm -B) interface
configure:4601: gcc -c -g -O2  conftest.c >&5
configure:4604: /usr/bin/nm -B "conftest.o"
configure:4607: output
0000000000000000 B some_variable
configure:4614: result: BSD nm
configure:4617: checking whether ln -s works
configure:4621: result: yes
configure:4629: checking the maximum length of command line arguments
configure:4754: result: 1572864
configure:4771: checking whether the shell understands some XSI constructs
configure:4781: result: yes
configure:4785: checking whether the shell understands "+="
configure:4791: result: yes
configure:4826: checking for /usr/bin/ld option to reload object files
configure:4833: result: -r
configure:4902: checking for objdump
configure:4918: found /usr/bin/objdump
configure:4929: result: objdump
configure:4958: checking how to recognize dependent libraries
configure:5160: result: pass_all
configure:5220: checking for ar
configure:5236: found /usr/bin/ar
configure:5247: result: ar
configure:5325: checking for strip
configure:5341: found /usr/bin/strip
configure:5352: result: strip
configure:5424: checking for ranlib
configure:5440: found /usr/bin/ranlib
configure:5451: result: ranlib
configure:5553: checking command to parse /usr/bin/nm -B output from gcc object
configure:5671: gcc -c -g -O2  conftest.c >&5
configure:5674: $? = 0
configure:5678: /usr/bin/nm -B conftest.o \| sed -n -e 's/^.*[ ]\([ABCDGIRSTW][ABCDGIRSTW]*\)[ ][ ]*\([_A-Za-z][_A-Za-z0-9]*\)$/\1 \2 \2/p' \> conftest.nm
configure:5681: $? = 0
configure:5735: gcc -o conftest -g -O2   conftest.c conftstm.o >&5
configure:5738: $? = 0
configure:5776: result: ok
configure:5872: gcc -c -g -O2  conftest.c >&5
configure:5875: $? = 0
configure:6617: checking how to run the C preprocessor
configure:6648: gcc -E  conftest.c
configure:6648: $? = 0
configure:6662: gcc -E  conftest.c
conftest.c:11:28: fatal error: ac_nonexistent.h: No such file or directory
compilation terminated.
configure:6662: $? = 1
configure: failed program was:
| /* confdefs.h */
| #define PACKAGE_NAME "liblist"
| #define PACKAGE_TARNAME "liblist"
| #define PACKAGE_VERSION "2.4"
| #define PACKAGE_STRING "liblist 2.4"
| #define PACKAGE_BUGREPORT "https://ohnopublishing.net/bugzilla/enter_bug.cgi?product=liblist"
| #define PACKAGE_URL "http://ohnopub.net/liblist"
| #define PACKAGE "liblist"
| #define VERSION "2.4"
| /* end confdefs.h.  */
| #include <ac_nonexistent.h>
configure:6687: result: gcc -E
configure:6707: gcc -E  conftest.c
configure:6707: $? = 0
configure:6721: gcc -E  conftest.c
conftest.c:11:28: fatal error: ac_nonexistent.h: No such file or directory
compilation terminated.
configure:6721: $? = 1
configure: failed program was:
| /* confdefs.h */
| #define PACKAGE_NAME "liblist"
| #define PACKAGE_TARNAME "liblist"
| #define PACKAGE_VERSION "2.4"
| #define PACKAGE_STRING "liblist 2.4"
| #define PACKAGE_BUGREPORT "https://ohnopublishing.net/bugzilla/enter_bug.cgi?product=liblist"
| #define PACKAGE_URL "http://ohnopub.net/liblist"
| #define PACKAGE "liblist"
| #define VERSION "2.4"
| /* end confdefs.h.  */
| #include <ac_nonexistent.h>
configure:6750: checking for ANSI C header files
configure:6770: gcc -c -g -O2  conftest.c >&5
configure:6770: $? = 0
configure:6843: gcc -o conftest -g -O2   conftest.c  >&5
configure:6843: $? = 0
configure:6843: ./conftest
configure:6843: $? = 0
configure:6854: result: yes
configure:6867: checking for sys/types.h
configure:6867: gcc -c -g -O2  conftest.c >&5
configure:6867: $? = 0
configure:6867: result: yes
configure:6867: checking for sys/stat.h
configure:6867: gcc -c -g -O2  conftest.c >&5
configure:6867: $? = 0
configure:6867: result: yes
configure:6867: checking for stdlib.h
configure:6867: gcc -c -g -O2  conftest.c >&5
configure:6867: $? = 0
configure:6867: result: yes
configure:6867: checking for string.h
configure:6867: gcc -c -g -O2  conftest.c >&5
configure:6867: $? = 0
configure:6867: result: yes
configure:6867: checking for memory.h
configure:6867: gcc -c -g -O2  conftest.c >&5
configure:6867: $? = 0
configure:6867: result: yes
configure:6867: checking for strings.h
configure:6867: gcc -c -g -O2  conftest.c >&5
configure:6867: $? = 0
configure:6867: result: yes
configure:6867: checking for inttypes.h
configure:6867: gcc -c -g -O2  conftest.c >&5
configure:6867: $? = 0
configure:6867: result: yes
configure:6867: checking for stdint.h
configure:6867: gcc -c -g -O2  conftest.c >&5
configure:6867: $? = 0
configure:6867: result: yes
configure:6867: checking for unistd.h
configure:6867: gcc -c -g -O2  conftest.c >&5
configure:6867: $? = 0
configure:6867: result: yes
configure:6882: checking for dlfcn.h
configure:6882: gcc -c -g -O2  conftest.c >&5
configure:6882: $? = 0
configure:6882: result: yes
configure:7367: checking for objdir
configure:7382: result: .libs
configure:7649: checking if gcc supports -fno-rtti -fno-exceptions
configure:7667: gcc -c -g -O2  -fno-rtti -fno-exceptions conftest.c >&5
cc1: warning: command line option '-fno-rtti' is valid for C++/ObjC++ but not for C [enabled by default]
configure:7671: $? = 0
configure:7684: result: no
configure:7704: checking for gcc option to produce PIC
configure:7989: result: -fPIC -DPIC
configure:8001: checking if gcc PIC flag -fPIC -DPIC works
configure:8019: gcc -c -g -O2  -fPIC -DPIC -DPIC conftest.c >&5
configure:8023: $? = 0
configure:8036: result: yes
configure:8060: checking if gcc static flag -static works
configure:8088: result: yes
configure:8103: checking if gcc supports -c -o file.o
configure:8124: gcc -c -g -O2  -o out/conftest2.o conftest.c >&5
configure:8128: $? = 0
configure:8150: result: yes
configure:8158: checking if gcc supports -c -o file.o
configure:8205: result: yes
configure:8238: checking whether the gcc linker (/usr/bin/ld -m elf_x86_64) supports shared libraries
configure:9313: result: yes
configure:9350: checking whether -lc should be explicitly linked in
configure:9358: gcc -c -g -O2  conftest.c >&5
configure:9361: $? = 0
configure:9376: gcc -shared conftest.o  -v -Wl,-soname -Wl,conftest -o conftest 2\>\&1 \| /bin/grep  -lc  \>/dev/null 2\>\&1
configure:9379: $? = 0
configure:9393: result: no
configure:9558: checking dynamic linker characteristics
configure:10026: gcc -o conftest -g -O2   -Wl,-rpath -Wl,/foo conftest.c  >&5
configure:10026: $? = 0
configure:10248: result: GNU/Linux ld.so
configure:10355: checking how to hardcode library paths into programs
configure:10380: result: immediate
configure:10920: checking whether stripping libraries is possible
configure:10925: result: yes
configure:10960: checking if libtool supports shared libraries
configure:10962: result: yes
configure:10965: checking whether to build shared libraries
configure:10986: result: yes
configure:10989: checking whether to build static libraries
configure:10993: result: yes
configure:11030: checking for intptr_t
configure:11030: gcc -c -g -O2  conftest.c >&5
configure:11030: $? = 0
configure:11030: gcc -c -g -O2  conftest.c >&5
conftest.c: In function 'main':
conftest.c:59:23: error: expected expression before ')' token
configure:11030: $? = 1
configure: failed program was:
| /* confdefs.h */
| #define PACKAGE_NAME "liblist"
| #define PACKAGE_TARNAME "liblist"
| #define PACKAGE_VERSION "2.4"
| #define PACKAGE_STRING "liblist 2.4"
| #define PACKAGE_BUGREPORT "https://ohnopublishing.net/bugzilla/enter_bug.cgi?product=liblist"
| #define PACKAGE_URL "http://ohnopub.net/liblist"
| #define PACKAGE "liblist"
| #define VERSION "2.4"
| #define STDC_HEADERS 1
| #define HAVE_SYS_TYPES_H 1
| #define HAVE_SYS_STAT_H 1
| #define HAVE_STDLIB_H 1
| #define HAVE_STRING_H 1
| #define HAVE_MEMORY_H 1
| #define HAVE_STRINGS_H 1
| #define HAVE_INTTYPES_H 1
| #define HAVE_STDINT_H 1
| #define HAVE_UNISTD_H 1
| #define HAVE_DLFCN_H 1
| #define LT_OBJDIR ".libs/"
| /* end confdefs.h.  */
| #include <stdio.h>
| #ifdef HAVE_SYS_TYPES_H
| # include <sys/types.h>
| #endif
| #ifdef HAVE_SYS_STAT_H
| # include <sys/stat.h>
| #endif
| #ifdef STDC_HEADERS
| # include <stdlib.h>
| # include <stddef.h>
| #else
| # ifdef HAVE_STDLIB_H
| #  include <stdlib.h>
| # endif
| #endif
| #ifdef HAVE_STRING_H
| # if !defined STDC_HEADERS && defined HAVE_MEMORY_H
| #  include <memory.h>
| # endif
| # include <string.h>
| #endif
| #ifdef HAVE_STRINGS_H
| # include <strings.h>
| #endif
| #ifdef HAVE_INTTYPES_H
| # include <inttypes.h>
| #endif
| #ifdef HAVE_STDINT_H
| # include <stdint.h>
| #endif
| #ifdef HAVE_UNISTD_H
| # include <unistd.h>
| #endif
| int
| main ()
| {
| if (sizeof ((intptr_t)))
| 	    return 0;
|   ;
|   return 0;
| }
configure:11030: result: yes
configure:11100: checking arpa/inet.h usability
configure:11100: gcc -c -g -O2  conftest.c >&5
configure:11100: $? = 0
configure:11100: result: yes
configure:11100: checking arpa/inet.h presence
configure:11100: gcc -E  conftest.c
configure:11100: $? = 0
configure:11100: result: yes
configure:11100: checking for arpa/inet.h
configure:11100: result: yes
configure:11100: checking for inttypes.h
configure:11100: result: yes
configure:11100: checking for stdint.h
configure:11100: result: yes
configure:11100: checking sys/signal.h usability
configure:11100: gcc -c -g -O2  conftest.c >&5
configure:11100: $? = 0
configure:11100: result: yes
configure:11100: checking sys/signal.h presence
configure:11100: gcc -E  conftest.c
configure:11100: $? = 0
configure:11100: result: yes
configure:11100: checking for sys/signal.h
configure:11100: result: yes
configure:11100: checking sys/wait.h usability
configure:11100: gcc -c -g -O2  conftest.c >&5
configure:11100: $? = 0
configure:11100: result: yes
configure:11100: checking sys/wait.h presence
configure:11100: gcc -E  conftest.c
configure:11100: $? = 0
configure:11100: result: yes
configure:11100: checking for sys/wait.h
configure:11100: result: yes
configure:11100: checking sys/_structs.h usability
configure:11100: gcc -c -g -O2  conftest.c >&5
conftest.c:62:26: fatal error: sys/_structs.h: No such file or directory
compilation terminated.
configure:11100: $? = 1
configure: failed program was:
| /* confdefs.h */
| #define PACKAGE_NAME "liblist"
| #define PACKAGE_TARNAME "liblist"
| #define PACKAGE_VERSION "2.4"
| #define PACKAGE_STRING "liblist 2.4"
| #define PACKAGE_BUGREPORT "https://ohnopublishing.net/bugzilla/enter_bug.cgi?product=liblist"
| #define PACKAGE_URL "http://ohnopub.net/liblist"
| #define PACKAGE "liblist"
| #define VERSION "2.4"
| #define STDC_HEADERS 1
| #define HAVE_SYS_TYPES_H 1
| #define HAVE_SYS_STAT_H 1
| #define HAVE_STDLIB_H 1
| #define HAVE_STRING_H 1
| #define HAVE_MEMORY_H 1
| #define HAVE_STRINGS_H 1
| #define HAVE_INTTYPES_H 1
| #define HAVE_STDINT_H 1
| #define HAVE_UNISTD_H 1
| #define HAVE_DLFCN_H 1
| #define LT_OBJDIR ".libs/"
| #define HAVE_INTPTR_T 1
| #define HAVE_ARPA_INET_H 1
| #define HAVE_INTTYPES_H 1
| #define HAVE_STDINT_H 1
| #define HAVE_SYS_SIGNAL_H 1
| #define HAVE_SYS_WAIT_H 1
| /* end confdefs.h.  */
| #include <stdio.h>
| #ifdef HAVE_SYS_TYPES_H
| # include <sys/types.h>
| #endif
| #ifdef HAVE_SYS_STAT_H
| # include <sys/stat.h>
| #endif
| #ifdef STDC_HEADERS
| # include <stdlib.h>
| # include <stddef.h>
| #else
| # ifdef HAVE_STDLIB_H
| #  include <stdlib.h>
| # endif
| #endif
| #ifdef HAVE_STRING_H
| # if !defined STDC_HEADERS && defined HAVE_MEMORY_H
| #  include <memory.h>
| # endif
| # include <string.h>
| #endif
| #ifdef HAVE_STRINGS_H
| # include <strings.h>
| #endif
| #ifdef HAVE_INTTYPES_H
| # include <inttypes.h>
| #endif
| #ifdef HAVE_STDINT_H
| # include <stdint.h>
| #endif
| #ifdef HAVE_UNISTD_H
| # include <unistd.h>
| #endif
| #include <sys/_structs.h>
configure:11100: result: no
configure:11100: checking sys/_structs.h presence
configure:11100: gcc -E  conftest.c
conftest.c:29:26: fatal error: sys/_structs.h: No such file or directory
compilation terminated.
configure:11100: $? = 1
configure: failed program was:
| /* confdefs.h */
| #define PACKAGE_NAME "liblist"
| #define PACKAGE_TARNAME "liblist"
| #define PACKAGE_VERSION "2.4"
| #define PACKAGE_STRING "liblist 2.4"
| #define PACKAGE_BUGREPORT "https://ohnopublishing.net/bugzilla/enter_bug.cgi?product=liblist"
| #define PACKAGE_URL "http://ohnopub.net/liblist"
| #define PACKAGE "liblist"
| #define VERSION "2.4"
| #define STDC_HEADERS 1
| #define HAVE_SYS_TYPES_H 1
| #define HAVE_SYS_STAT_H 1
| #define HAVE_STDLIB_H 1
| #define HAVE_STRING_H 1
| #define HAVE_MEMORY_H 1
| #define HAVE_STRINGS_H 1
| #define HAVE_INTTYPES_H 1
| #define HAVE_STDINT_H 1
| #define HAVE_UNISTD_H 1
| #define HAVE_DLFCN_H 1
| #define LT_OBJDIR ".libs/"
| #define HAVE_INTPTR_T 1
| #define HAVE_ARPA_INET_H 1
| #define HAVE_INTTYPES_H 1
| #define HAVE_STDINT_H 1
| #define HAVE_SYS_SIGNAL_H 1
| #define HAVE_SYS_WAIT_H 1
| /* end confdefs.h.  */
| #include <sys/_structs.h>
configure:11100: result: no
configure:11100: checking for sys/_structs.h
configure:11100: result: no
configure:11100: checking for unistd.h
configure:11100: result: yes
configure:11276: creating ./config.status

## ---------------------- ##
## Running config.status. ##
## ---------------------- ##

This file was extended by liblist config.status 2.4, which was
generated by GNU Autoconf 2.65.  Invocation command line was

  CONFIG_FILES    = 
  CONFIG_HEADERS  = 
  CONFIG_LINKS    = 
  CONFIG_COMMANDS = 
  $ ./config.status 

on u-fedora

config.status:999: creating Makefile
config.status:999: creating liblist.pc
config.status:1162: executing depfiles commands
config.status:1162: executing libtool commands

## ---------------- ##
## Cache variables. ##
## ---------------- ##

ac_cv_build=x86_64-unknown-linux-gnu
ac_cv_c_compiler_gnu=yes
ac_cv_env_CC_set=
ac_cv_env_CC_value=
ac_cv_env_CFLAGS_set=
ac_cv_env_CFLAGS_value=
ac_cv_env_CPPFLAGS_set=
ac_cv_env_CPPFLAGS_value=
ac_cv_env_CPP_set=
ac_cv_env_CPP_value=
ac_cv_env_LDFLAGS_set=
ac_cv_env_LDFLAGS_value=
ac_cv_env_LIBS_set=
ac_cv_env_LIBS_value=
ac_cv_env_build_alias_set=
ac_cv_env_build_alias_value=
ac_cv_env_host_alias_set=
ac_cv_env_host_alias_value=
ac_cv_env_target_alias_set=
ac_cv_env_target_alias_value=
ac_cv_header_arpa_inet_h=yes
ac_cv_header_dlfcn_h=yes
ac_cv_header_inttypes_h=yes
ac_cv_header_memory_h=yes
ac_cv_header_stdc=yes
ac_cv_header_stdint_h=yes
ac_cv_header_stdlib_h=yes
ac_cv_header_string_h=yes
ac_cv_header_strings_h=yes
ac_cv_header_sys__structs_h=no
ac_cv_header_sys_signal_h=yes
ac_cv_header_sys_stat_h=yes
ac_cv_header_sys_types_h=yes
ac_cv_header_sys_wait_h=yes
ac_cv_header_unistd_h=yes
ac_cv_host=x86_64-unknown-linux-gnu
ac_cv_objext=o
ac_cv_path_EGREP='/bin/grep -E'
ac_cv_path_FGREP='/bin/grep -F'
ac_cv_path_GREP=/bin/grep
ac_cv_path_SED=/bin/sed
ac_cv_path_install='/usr/bin/install -c'
ac_cv_path_mkdir=/bin/mkdir
ac_cv_prog_AWK=gawk
ac_cv_prog_CPP='gcc -E'
ac_cv_prog_ac_ct_AR=ar
ac_cv_prog_ac_ct_CC=gcc
ac_cv_prog_ac_ct_OBJDUMP=objdump
ac_cv_prog_ac_ct_RANLIB=ranlib
ac_cv_prog_ac_ct_STRIP=strip
ac_cv_prog_cc_c89=
ac_cv_prog_cc_g=yes
ac_cv_prog_cc_gcc_c_o=yes
ac_cv_prog_make_make_set=yes
ac_cv_type_intptr_t=yes
am_cv_CC_dependencies_compiler_type=gcc3
lt_cv_archive_cmds_need_lc=no
lt_cv_deplibs_check_method=pass_all
lt_cv_file_magic_cmd='$MAGIC_CMD'
lt_cv_file_magic_test_file=
lt_cv_ld_reload_flag=-r
lt_cv_nm_interface='BSD nm'
lt_cv_objdir=.libs
lt_cv_path_LD=/usr/bin/ld
lt_cv_path_NM='/usr/bin/nm -B'
lt_cv_prog_compiler_c_o=yes
lt_cv_prog_compiler_pic_works=yes
lt_cv_prog_compiler_rtti_exceptions=no
lt_cv_prog_compiler_static_works=yes
lt_cv_prog_gnu_ld=yes
lt_cv_shlibpath_overrides_runpath=no
lt_cv_sys_global_symbol_pipe='sed -n -e '\''s/^.*[	 ]\([ABCDGIRSTW][ABCDGIRSTW]*\)[	 ][	 ]*\([_A-Za-z][_A-Za-z0-9]*\)$/\1 \2 \2/p'\'''
lt_cv_sys_global_symbol_to_c_name_address='sed -n -e '\''s/^: \([^ ]*\) $/  {\"\1\", (void *) 0},/p'\'' -e '\''s/^[ABCDGIRSTW]* \([^ ]*\) \([^ ]*\)$/  {"\2", (void *) \&\2},/p'\'''
lt_cv_sys_global_symbol_to_c_name_address_lib_prefix='sed -n -e '\''s/^: \([^ ]*\) $/  {\"\1\", (void *) 0},/p'\'' -e '\''s/^[ABCDGIRSTW]* \([^ ]*\) \(lib[^ ]*\)$/  {"\2", (void *) \&\2},/p'\'' -e '\''s/^[ABCDGIRSTW]* \([^ ]*\) \([^ ]*\)$/  {"lib\2", (void *) \&\2},/p'\'''
lt_cv_sys_global_symbol_to_cdecl='sed -n -e '\''s/^T .* \(.*\)$/extern int \1();/p'\'' -e '\''s/^[ABCDGIRSTW]* .* \(.*\)$/extern char \1;/p'\'''
lt_cv_sys_max_cmd_len=1572864

## ----------------- ##
## Output variables. ##
## ----------------- ##

ACLOCAL='${SHELL} /home/esmurphy/CSC360/A2/liblist-2.4/missing --run aclocal-1.11'
AMDEPBACKSLASH='\'
AMDEP_FALSE='#'
AMDEP_TRUE=''
AMTAR='${SHELL} /home/esmurphy/CSC360/A2/liblist-2.4/missing --run tar'
AR='ar'
AS='as'
AUTOCONF='${SHELL} /home/esmurphy/CSC360/A2/liblist-2.4/missing --run autoconf'
AUTOHEADER='${SHELL} /home/esmurphy/CSC360/A2/liblist-2.4/missing --run autoheader'
AUTOMAKE='${SHELL} /home/esmurphy/CSC360/A2/liblist-2.4/missing --run automake-1.11'
AWK='gawk'
CC='gcc'
CCDEPMODE='depmode=gcc3'
CFLAGS='-g -O2'
CPP='gcc -E'
CPPFLAGS=''
CYGPATH_W='echo'
DEFS='-DPACKAGE_NAME=\"liblist\" -DPACKAGE_TARNAME=\"liblist\" -DPACKAGE_VERSION=\"2.4\" -DPACKAGE_STRING=\"liblist\ 2.4\" -DPACKAGE_BUGREPORT=\"https://ohnopublishing.net/bugzilla/enter_bug.cgi\?product=liblist\" -DPACKAGE_URL=\"http://ohnopub.net/liblist\" -DPACKAGE=\"liblist\" -DVERSION=\"2.4\" -DSTDC_HEADERS=1 -DHAVE_SYS_TYPES_H=1 -DHAVE_SYS_STAT_H=1 -DHAVE_STDLIB_H=1 -DHAVE_STRING_H=1 -DHAVE_MEMORY_H=1 -DHAVE_STRINGS_H=1 -DHAVE_INTTYPES_H=1 -DHAVE_STDINT_H=1 -DHAVE_UNISTD_H=1 -DHAVE_DLFCN_H=1 -DLT_OBJDIR=\".libs/\" -DHAVE_INTPTR_T=1 -DHAVE_ARPA_INET_H=1 -DHAVE_INTTYPES_H=1 -DHAVE_STDINT_H=1 -DHAVE_SYS_SIGNAL_H=1 -DHAVE_SYS_WAIT_H=1 -DHAVE_UNISTD_H=1'
DEPDIR='.deps'
DLLTOOL='dlltool'
DOCS_FALSE=''
DOCS_TRUE='#'
DSYMUTIL=''
DUMPBIN=''
ECHO_C=''
ECHO_N='-n'
ECHO_T=''
EGREP='/bin/grep -E'
EXAMPLES_FALSE=''
EXAMPLES_TRUE='#'
EXEEXT=''
FGREP='/bin/grep -F'
GREP='/bin/grep'
INSTALL_DATA='${INSTALL} -m 644'
INSTALL_PROGRAM='${INSTALL}'
INSTALL_SCRIPT='${INSTALL}'
INSTALL_STRIP_PROGRAM='$(install_sh) -c -s'
LD='/usr/bin/ld -m elf_x86_64'
LDFLAGS=''
LIBOBJS=''
LIBS=''
LIBTOOL='$(SHELL) $(top_builddir)/libtool'
LIPO=''
LN_S='ln -s'
LTLIBOBJS=''
MAKEINFO='${SHELL} /home/esmurphy/CSC360/A2/liblist-2.4/missing --run makeinfo'
MKDIR_P='/bin/mkdir -p'
NM='/usr/bin/nm -B'
NMEDIT=''
OBJDUMP='objdump'
OBJEXT='o'
OTOOL64=''
OTOOL=''
PACKAGE='liblist'
PACKAGE_BUGREPORT='https://ohnopublishing.net/bugzilla/enter_bug.cgi?product=liblist'
PACKAGE_NAME='liblist'
PACKAGE_STRING='liblist 2.4'
PACKAGE_TARNAME='liblist'
PACKAGE_URL='http://ohnopub.net/liblist'
PACKAGE_VERSION='2.4'
PATH_SEPARATOR=':'
RANLIB='ranlib'
SED='/bin/sed'
SET_MAKE=''
SHELL='/bin/bash'
STRIP='strip'
VERSION='2.4'
ac_ct_CC='gcc'
ac_ct_DUMPBIN=''
am__EXEEXT_FALSE=''
am__EXEEXT_TRUE='#'
am__fastdepCC_FALSE='#'
am__fastdepCC_TRUE=''
am__include='include'
am__isrc=''
am__leading_dot='.'
am__quote=''
am__tar='${AMTAR} chof - "$$tardir"'
am__untar='${AMTAR} xf -'
bindir='${exec_prefix}/bin'
build='x86_64-unknown-linux-gnu'
build_alias=''
build_cpu='x86_64'
build_os='linux-gnu'
build_vendor='unknown'
datadir='${datarootdir}'
datarootdir='${prefix}/share'
docdir='${datarootdir}/doc/${PACKAGE_TARNAME}'
dvidir='${docdir}'
exec_prefix='${prefix}'
host='x86_64-unknown-linux-gnu'
host_alias=''
host_cpu='x86_64'
host_os='linux-gnu'
host_vendor='unknown'
htmldir='${docdir}'
includedir='${prefix}/include'
infodir='${datarootdir}/info'
install_sh='${SHELL} /home/esmurphy/CSC360/A2/liblist-2.4/install-sh'
libdir='${exec_prefix}/lib'
libexecdir='${exec_prefix}/libexec'
localedir='${datarootdir}/locale'
localstatedir='${prefix}/var'
mandir='${datarootdir}/man'
mkdir_p='/bin/mkdir -p'
oldincludedir='/usr/include'
pdfdir='${docdir}'
prefix='/usr/local'
program_transform_name='s,x,x,'
psdir='${docdir}'
sbindir='${exec_prefix}/sbin'
sharedstatedir='${prefix}/com'
sysconfdir='${prefix}/etc'
target_alias=''

## ----------- ##
## confdefs.h. ##
## ----------- ##

/* confdefs.h */
#define PACKAGE_NAME "liblist"
#define PACKAGE_TARNAME "liblist"
#define PACKAGE_VERSION "2.4"
#define PACKAGE_STRING "liblist 2.4"
#define PACKAGE_BUGREPORT "https://ohnopublishing.net/bugzilla/enter_bug.cgi?product=liblist"
#define PACKAGE_URL "http://ohnopub.net/liblist"
#define PACKAGE "liblist"
#define VERSION "2.4"
#define STDC_HEADERS 1
#define HAVE_SYS_TYPES_H 1
#define HAVE_SYS_STAT_H 1
#define HAVE_STDLIB_H 1
#define HAVE_STRING_H 1
#define HAVE_MEMORY_H 1
#define HAVE_STRINGS_H 1
#define HAVE_INTTYPES_H 1
#define HAVE_STDINT_H 1
#define HAVE_UNISTD_H 1
#define HAVE_DLFCN_H 1
#define LT_OBJDIR ".libs/"
#define HAVE_INTPTR_T 1
#define HAVE_ARPA_INET_H 1
#define HAVE_INTTYPES_H 1
#define HAVE_STDINT_H 1
#define HAVE_SYS_SIGNAL_H 1
#define HAVE_SYS_WAIT_H 1
#define HAVE_UNISTD_H 1

configure: exit 0
