This file contains any messages produced by compilers while
running configure, to aid debugging if configure makes a mistake.

It was created by GNU C Library configure (see version.h), which was
generated by GNU Autoconf 2.69.  Invocation command line was

  $ glibc/configure --prefix=//home/esmurphy

## --------- ##
## Platform. ##
## --------- ##

hostname = u-fedora
uname -m = x86_64
uname -r = 3.2.0-65-generic
uname -s = Linux
uname -v = #99-Ubuntu SMP Fri Jul 4 21:03:29 UTC 2014

/usr/bin/uname -p = unknown
/bin/uname -X     = unknown

/bin/arch              = unknown
/usr/bin/arch -k       = unknown
/usr/convex/getsysinfo = unknown
/usr/bin/hostinfo      = unknown
/bin/machine           = unknown
/usr/bin/oslevel       = unknown
/bin/universe          = unknown

PATH: /public/bin
PATH: /usr/local/sbin
PATH: /usr/local/bin
PATH: /usr/sbin
PATH: /usr/bin
PATH: /sbin
PATH: /bin
PATH: /usr/games


## ----------- ##
## Core tests. ##
## ----------- ##

configure:2362: checking build system type
configure:2376: result: x86_64-unknown-linux-gnu
configure:2396: checking host system type
configure:2409: result: x86_64-unknown-linux-gnu
configure:2478: checking for gcc
configure:2494: found /usr/bin/gcc
configure:2505: result: gcc
configure:2734: checking for C compiler version
configure:2743: gcc --version >&5
gcc (Ubuntu/Linaro 4.6.3-1ubuntu5) 4.6.3
Copyright (C) 2011 Free Software Foundation, Inc.
This is free software; see the source for copying conditions.  There is NO
warranty; not even for MERCHANTABILITY or FITNESS FOR A PARTICULAR PURPOSE.

configure:2754: $? = 0
configure:2743: gcc -v >&5
Using built-in specs.
COLLECT_GCC=gcc
COLLECT_LTO_WRAPPER=/usr/lib/gcc/x86_64-linux-gnu/4.6/lto-wrapper
Target: x86_64-linux-gnu
Configured with: ../src/configure -v --with-pkgversion='Ubuntu/Linaro 4.6.3-1ubuntu5' --with-bugurl=file:///usr/share/doc/gcc-4.6/README.Bugs --enable-languages=c,c++,fortran,objc,obj-c++ --prefix=/usr --program-suffix=-4.6 --enable-shared --enable-linker-build-id --with-system-zlib --libexecdir=/usr/lib --without-included-gettext --enable-threads=posix --with-gxx-include-dir=/usr/include/c++/4.6 --libdir=/usr/lib --enable-nls --with-sysroot=/ --enable-clocale=gnu --enable-libstdcxx-debug --enable-libstdcxx-time=yes --enable-gnu-unique-object --enable-plugin --enable-objc-gc --disable-werror --with-arch-32=i686 --with-tune=generic --enable-checking=release --build=x86_64-linux-gnu --host=x86_64-linux-gnu --target=x86_64-linux-gnu
Thread model: posix
gcc version 4.6.3 (Ubuntu/Linaro 4.6.3-1ubuntu5) 
configure:2754: $? = 0
configure:2743: gcc -V >&5
gcc: error: unrecognized option '-V'
gcc: fatal error: no input files
compilation terminated.
configure:2754: $? = 4
configure:2743: gcc -qversion >&5
gcc: error: unrecognized option '-qversion'
gcc: fatal error: no input files
compilation terminated.
configure:2754: $? = 4
configure:2759: checking for suffix of object files
configure:2781: gcc -c   conftest.c >&5
configure:2785: $? = 0
configure:2806: result: o
configure:2810: checking whether we are using the GNU C compiler
configure:2829: gcc -c   conftest.c >&5
configure:2829: $? = 0
configure:2838: result: yes
configure:2847: checking whether gcc accepts -g
configure:2867: gcc -c -g  conftest.c >&5
configure:2867: $? = 0
configure:2908: result: yes
configure:3044: checking for g++
configure:3060: found /usr/bin/g++
configure:3071: result: g++
configure:3098: checking for C++ compiler version
configure:3107: g++ --version >&5
g++ (Ubuntu/Linaro 4.6.3-1ubuntu5) 4.6.3
Copyright (C) 2011 Free Software Foundation, Inc.
This is free software; see the source for copying conditions.  There is NO
warranty; not even for MERCHANTABILITY or FITNESS FOR A PARTICULAR PURPOSE.

configure:3118: $? = 0
configure:3107: g++ -v >&5
Using built-in specs.
COLLECT_GCC=g++
COLLECT_LTO_WRAPPER=/usr/lib/gcc/x86_64-linux-gnu/4.6/lto-wrapper
Target: x86_64-linux-gnu
Configured with: ../src/configure -v --with-pkgversion='Ubuntu/Linaro 4.6.3-1ubuntu5' --with-bugurl=file:///usr/share/doc/gcc-4.6/README.Bugs --enable-languages=c,c++,fortran,objc,obj-c++ --prefix=/usr --program-suffix=-4.6 --enable-shared --enable-linker-build-id --with-system-zlib --libexecdir=/usr/lib --without-included-gettext --enable-threads=posix --with-gxx-include-dir=/usr/include/c++/4.6 --libdir=/usr/lib --enable-nls --with-sysroot=/ --enable-clocale=gnu --enable-libstdcxx-debug --enable-libstdcxx-time=yes --enable-gnu-unique-object --enable-plugin --enable-objc-gc --disable-werror --with-arch-32=i686 --with-tune=generic --enable-checking=release --build=x86_64-linux-gnu --host=x86_64-linux-gnu --target=x86_64-linux-gnu
Thread model: posix
gcc version 4.6.3 (Ubuntu/Linaro 4.6.3-1ubuntu5) 
configure:3118: $? = 0
configure:3107: g++ -V >&5
g++: error: unrecognized option '-V'
g++: fatal error: no input files
compilation terminated.
configure:3118: $? = 4
configure:3107: g++ -qversion >&5
g++: error: unrecognized option '-qversion'
g++: fatal error: no input files
compilation terminated.
configure:3118: $? = 4
configure:3122: checking whether we are using the GNU C++ compiler
configure:3141: g++ -c   conftest.cpp >&5
configure:3141: $? = 0
configure:3150: result: yes
configure:3159: checking whether g++ accepts -g
configure:3179: g++ -c -g  conftest.cpp >&5
configure:3179: $? = 0
configure:3220: result: yes
configure:3286: checking for readelf
configure:3302: found /usr/bin/readelf
configure:3313: result: readelf
configure:3768: checking for sysdeps preconfigure fragments
configure:9: checking whether gcc compiles in -mx32 mode by default
configure:27: gcc -c -g -O2  conftest.c >&5
conftest.c:12:3: error: #error not x32
configure:27: $? = 1
configure: failed program was:
| /* confdefs.h */
| #define PACKAGE_NAME "GNU C Library"
| #define PACKAGE_TARNAME "glibc"
| #define PACKAGE_VERSION "(see version.h)"
| #define PACKAGE_STRING "GNU C Library (see version.h)"
| #define PACKAGE_BUGREPORT "http://sourceware.org/bugzilla/"
| #define PACKAGE_URL "http://www.gnu.org/software/glibc/"
| #define PKGVERSION "(GNU libc) "
| #define REPORT_BUGS_TO "<http://www.gnu.org/software/libc/bugs.html>"
| /* end confdefs.h.  */
| #ifndef __ILP32__
| # error not x32
| #endif
| int
| main ()
| {
| 
|   ;
|   return 0;
| }
configure:34: result: no
configure:3775: result: 
configure:3849: running configure fragment for add-on libidn
configure:3949: checking for assembler and linker STT_GNU_IFUNC support

Relocation section '.rela.plt' at offset 0x110 contains 1 entries:
  Offset          Info           Type           Sym. Value    Sym. Name + Addend
000000600140  000000000025 R_X86_64_IRELATIV                    0000000000400140
configure:3980: result: yes
configure:3983: checking whether .text pseudo-op must be used
configure:3993: gcc  -c conftest.s 1>&5
configure:3996: $? = 0
configure:4007: result: yes
configure:4026: checking sysdep dirs
configure:4246: result: sysdeps/generic
configure:4323: checking for a BSD-compatible install
configure:4391: result: /usr/bin/install -c
configure:4406: checking whether ln -s works
configure:4410: result: yes
configure:4434: checking whether as is GNU as
configure:4448: result: yes
configure:4453: checking whether ld is GNU ld
configure:4467: result: yes
configure:4477: checking for as
configure:4504: result: as
configure:4519: checking version of as
configure:4529: result: 2.22, ok
configure:4540: checking for ld
configure:4567: result: ld
configure:4582: checking version of ld
configure:4592: result: 2.22, ok
configure:4606: checking for gcc
configure:4633: result: gcc
configure:4648: checking version of gcc
configure:4658: result: 4.6.3, ok
configure:4669: checking for gnumake
configure:4699: result: no
configure:4669: checking for gmake
configure:4699: result: no
configure:4669: checking for make
configure:4685: found /usr/bin/make
configure:4696: result: make
configure:4711: checking version of make
configure:4721: result: 3.81, ok
configure:4733: checking for gnumsgfmt
configure:4763: result: no
configure:4733: checking for gmsgfmt
configure:4763: result: no
configure:4733: checking for msgfmt
configure:4749: found /usr/bin/msgfmt
configure:4760: result: msgfmt
configure:4775: checking version of msgfmt
configure:4785: result: 0.18.1, ok
configure:4796: checking for makeinfo
configure:4826: result: no
configure:4859: checking for sed
configure:4875: found /bin/sed
configure:4886: result: sed
configure:4901: checking version of sed
configure:4911: result: 4.2.1, ok
configure:4922: checking for gawk
configure:4938: found /usr/bin/gawk
configure:4949: result: gawk
configure:4964: checking version of gawk
configure:4974: result: 3.1.8, ok
configure:5025: checking for nm
configure:5041: found /usr/bin/nm
configure:5052: result: nm
configure:5152: WARNING:
*** These auxiliary programs are missing or incompatible versions: makeinfo
*** some features will be disabled.
*** Check the INSTALL file for required versions.
configure:5188: checking LD_LIBRARY_PATH variable
configure:5198: result: ok
configure:5207: checking whether GCC supports -static-libgcc
configure:5218: result: -static-libgcc
configure:5224: checking for bash
configure:5242: found /public/bin/bash
configure:5255: result: /public/bin/bash
configure:5266: checking for perl
configure:5284: found /usr/bin/perl
configure:5297: result: /usr/bin/perl
configure:5311: checking for install-info
configure:5330: found /usr/sbin/install-info
configure:5343: result: /usr/sbin/install-info
configure:5353: checking for bison
configure:5372: found /usr/bin/bison
configure:5385: result: /usr/bin/bison
configure:5394: checking for libc-friendly stddef.h
configure:5418: gcc -c -g -O2  conftest.c >&5
conftest.c: In function 'main':
conftest.c:25:38: warning: incompatible implicit declaration of built-in function 'abort' [enabled by default]
configure:5418: $? = 0
configure:5425: result: yes
configure:5432: checking whether we need to use -P to assemble .S files
configure:5442: gcc   -c conftest.S 1>&5
configure:5445: $? = 0
configure:5453: result: no
configure:5460: checking for .set assembler directive
configure:5486: result: yes
configure:5493: checking for assembler gnu_unique_object symbol type
configure:5510: result: yes
configure:5517: checking for .previous assembler directive
configure:5527: gcc -c  conftest.s 1>&5
configure:5530: $? = 0
configure:5538: result: yes
configure:5572: checking for .protected and .hidden assembler directive
configure:5584: gcc -c  conftest.s 1>&5
configure:5587: $? = 0
configure:5595: result: yes
configure:5599: checking whether __attribute__((visibility())) is supported
configure:5610: gcc -Werror -S conftest.c -o conftest.s 1>&5
configure:5613: $? = 0
configure:5624: result: yes
configure:5632: checking for broken __attribute__((visibility()))
configure:5644: gcc -Werror -S conftest.c -o conftest.s 1>&5
configure:5647: $? = 0
configure:5656: result: no
configure:5663: checking for broken __attribute__((alias()))
configure:5678: gcc -Werror -S conftest.c -o conftest.s 1>&5
configure:5681: $? = 0
configure:5691: result: no
configure:5698: checking whether to put _rtld_local into .sdata section
configure:5712: result: no
configure:5720: checking for .preinit_array/.init_array/.fini_array support
configure:5736: gcc -g -O2   -o conftest
		       conftest.c -static -nostartfiles -nostdlib
		       1>&5
configure:5739: $? = 0
configure:5752: result: yes
configure:5758: checking whether to use .ctors/.dtors header and trailer
configure:5775: gcc -g -O2   -o conftest
		       conftest.c -static -nostartfiles -nostdlib
		       1>&5
configure:5778: $? = 0
configure:5804: result: no
configure:5811: checking for libunwind-support in compiler
configure:5828: result: no
configure:5836: checking for linker that supports -z nodelete
configure:5849: gcc -g -O2  
				-Wl,--enable-new-dtags,-z,nodelete -nostdlib -nostartfiles
				-fPIC -shared -o conftest.so conftest.c
				1>&5
configure:5852: $? = 0
configure:5865: result: yes
configure:5868: checking for linker that supports -z nodlopen
configure:5881: gcc -g -O2  
				-Wl,--enable-new-dtags,-z,nodlopen -nostdlib -nostartfiles
				-fPIC -shared -o conftest.so conftest.c
				1>&5
configure:5884: $? = 0
configure:5897: result: yes
configure:5900: checking for linker that supports -z initfirst
configure:5913: gcc -g -O2  
				-Wl,--enable-new-dtags,-z,initfirst -nostdlib -nostartfiles
				-fPIC -shared -o conftest.so conftest.c
				1>&5
configure:5916: $? = 0
configure:5929: result: yes
configure:5932: checking for -Bgroup option
configure:5943: gcc -g -O2  
			    -fPIC -shared -o conftest.so conftest.c
			    -Wl,-Bgroup -nostdlib 1>&5
configure:5946: $? = 0
configure:5955: result: yes
configure:5960: checking whether --noexecstack is desirable for .S files
configure:5970: gcc -g -O2 
		   -S -o conftest.s conftest.c 1>&5
configure:5973: $? = 0
configure:5978: gcc  -Wa,--noexecstack
		      -c -o conftest.o conftest.s 1>&5
configure:5981: $? = 0
configure:5990: result: yes
configure:5997: checking for -z combreloc
configure:6011: gcc -g -O2  
			-fPIC -shared -o conftest.so conftest.c
			-nostdlib -nostartfiles
			-Wl,-z,combreloc 1>&5
configure:6014: $? = 0
configure:6027: result: yes
configure:6035: checking for linker that supports -z execstack
configure:6048: gcc -g -O2  
				-Wl,-z,execstack -nostdlib -nostartfiles
				-fPIC -shared -o conftest.so conftest.c
				1>&5
configure:6051: $? = 0
configure:6064: result: yes
configure:6068: checking for -fpie
configure:6074: gcc -fpie -xc /dev/null -S -o /dev/null
configure:6077: $? = 0
configure:6085: result: yes
configure:6090: checking for --hash-style option
configure:6101: gcc -g -O2  
			    -fPIC -shared -o conftest.so conftest.c
			    -Wl,--hash-style=both -nostdlib 1>&5
configure:6104: $? = 0
configure:6113: result: yes
configure:6121: checking for sufficient default -shared layout
configure:6140:   gcc  -shared -o conftest.so conftest.s 1>&5
configure:6143: $? = 0
nono from:

NOTE .note.gnu.build-i
GNU_HASH .gnu.hash
DYNSYM .dynsym
STRTAB .dynstr
VERSYM .gnu.version
VERNEED .gnu.version_r
RELA .rela.dyn
RELA .rela.plt
PROGBITS .init
PROGBITS .plt
PROGBITS .text
PROGBITS .fini
NOTE .note.a
NOTE .note.b
PROGBITS .eh_frame_hdr
PROGBITS .eh_frame
PROGBITS .ctors
PROGBITS .dtors
PROGBITS .jcr
DYNAMIC .dynamic
PROGBITS .got
PROGBITS .got.plt
PROGBITS .data
NOBITS .bss
PROGBITS .comment
STRTAB .shstrtab
SYMTAB .symtab
STRTAB .strtab
configure:6175: result: no
configure:6180: checking linker output format
configure:6194: result: elf64-x86-64
configure:6198: checking for -fno-toplevel-reorder -fno-section-anchors
configure:6208: gcc -g -O2  -S -fno-toplevel-reorder -fno-section-anchors
			    conftest.c 1>&5
configure:6211: $? = 0
configure:6220: result: yes
configure:6229: checking for -fstack-protector
configure:6235: gcc -g -O2  -Werror -fstack-protector -xc /dev/null -S -o /dev/null
configure:6238: $? = 0
configure:6246: result: yes
configure:6250: checking for -fgnu89-inline
configure:6265: gcc -g -O2  -S -std=gnu99 -fgnu89-inline
			    -o conftest.s conftest.c 1>&5
conftest.c:3:1: warning: return type defaults to 'int' [enabled by default]
configure:6268: $? = 0
configure:6277: result: yes
configure:6286: checking whether cc puts quotes around section names
configure:6307: result: no
configure:6314: checking for assembler .weak directive
configure:6327: gcc  -c conftest.s 1>&5
configure:6330: $? = 0
configure:6338: result: yes
configure:6381: checking for ld --no-whole-archive
configure:6394: gcc -g -O2  
			    -nostdlib -nostartfiles -Wl,--no-whole-archive
			    -o conftest conftest.c 1>&5
configure:6397: $? = 0
configure:6405: result: yes
configure:6411: checking for gcc -fexceptions
configure:6424: gcc -g -O2  
			    -nostdlib -nostartfiles -fexceptions
			    -o conftest conftest.c 1>&5
configure:6427: $? = 0
configure:6435: result: yes
configure:6441: checking for __builtin_memset
configure:6453: gcc -O3 -S conftest.c -o - | fgrep memset > /dev/null
configure:6456: $? = 1
configure:6465: result: yes
configure:6472: checking for redirection of built-in functions
configure:6485: gcc -O3 -S conftest.c -o - | fgrep my_strstr > /dev/null
configure:6488: $? = 0
configure:6497: result: yes
configure:6503: checking for __thread
configure:6512: gcc -g -O2  -c conftest.c >&5
configure:6515: $? = 0
configure:6523: result: yes
configure:6529: checking for tls_model attribute
configure:6538: gcc -g -O2  -S -Werror conftest.c >&5
configure:6541: $? = 0
configure:6549: result: yes
configure:6555: checking for compiler option to disable generation of FMA instructions
configure:6563: gcc -ffp-contract=off -xc /dev/null -S -o /dev/null
configure:6566: $? = 0
configure:6572: result: -ffp-contract=off
configure:6605: checking if gcc accepts -fno-tree-loop-distribute-patterns with __attribute__ ((__optimize__))
configure:6618: gcc -g -O2  -c conftest.c
configure:6621: $? = 0
configure:6628: result: yes
configure:6636: checking for libgd
configure:6656: gcc -o conftest -g -O2     conftest.c  -lgd -lpng -lz -lm >&5
conftest.c:21:16: fatal error: gd.h: No such file or directory
compilation terminated.
configure:6656: $? = 1
configure: failed program was:
| /* confdefs.h */
| #define PACKAGE_NAME "GNU C Library"
| #define PACKAGE_TARNAME "glibc"
| #define PACKAGE_VERSION "(see version.h)"
| #define PACKAGE_STRING "GNU C Library (see version.h)"
| #define PACKAGE_BUGREPORT "http://sourceware.org/bugzilla/"
| #define PACKAGE_URL "http://www.gnu.org/software/glibc/"
| #define PKGVERSION "(GNU libc) "
| #define REPORT_BUGS_TO "<http://www.gnu.org/software/libc/bugs.html>"
| #define HAVE_LIBIDN 1
| #define USE_MULTIARCH 1
| #define HAVE_ASM_SET_DIRECTIVE 1
| #define HAVE_ASM_UNIQUE_OBJECT 1
| #define HAVE_ASM_PREVIOUS_DIRECTIVE 1
| #define NO_CTORS_DTORS_SECTIONS 1
| #define HAVE_Z_COMBRELOC 1
| #define HAVE_ASM_WEAK_DIRECTIVE 1
| #define HAVE_BUILTIN_MEMSET 1
| #define HAVE_CC_INHIBIT_LOOP_TO_LIBCALL 1
| /* end confdefs.h.  */
| #include <gd.h>
| int
| main ()
| {
| gdImagePng (0, 0)
|   ;
|   return 0;
| }
configure:6669: result: no
configure:6678: checking for is_selinux_enabled in -lselinux
configure:6703: gcc -o conftest -g -O2   conftest.c -lselinux   >&5
/usr/bin/ld: cannot find -lselinux
collect2: ld returned 1 exit status
configure:6703: $? = 1
configure: failed program was:
| /* confdefs.h */
| #define PACKAGE_NAME "GNU C Library"
| #define PACKAGE_TARNAME "glibc"
| #define PACKAGE_VERSION "(see version.h)"
| #define PACKAGE_STRING "GNU C Library (see version.h)"
| #define PACKAGE_BUGREPORT "http://sourceware.org/bugzilla/"
| #define PACKAGE_URL "http://www.gnu.org/software/glibc/"
| #define PKGVERSION "(GNU libc) "
| #define REPORT_BUGS_TO "<http://www.gnu.org/software/libc/bugs.html>"
| #define HAVE_LIBIDN 1
| #define USE_MULTIARCH 1
| #define HAVE_ASM_SET_DIRECTIVE 1
| #define HAVE_ASM_UNIQUE_OBJECT 1
| #define HAVE_ASM_PREVIOUS_DIRECTIVE 1
| #define NO_CTORS_DTORS_SECTIONS 1
| #define HAVE_Z_COMBRELOC 1
| #define HAVE_ASM_WEAK_DIRECTIVE 1
| #define HAVE_BUILTIN_MEMSET 1
| #define HAVE_CC_INHIBIT_LOOP_TO_LIBCALL 1
| /* end confdefs.h.  */
| 
| /* Override any GCC internal prototype to avoid an error.
|    Use char because int might match the return type of a GCC
|    builtin and then its argument prototype would still apply.  */
| #ifdef __cplusplus
| extern "C"
| #endif
| char is_selinux_enabled ();
| int
| main ()
| {
| return is_selinux_enabled ();
|   ;
|   return 0;
| }
configure:6712: result: no
configure:6839: checking size of long double
configure:6844: gcc -o conftest -g -O2   conftest.c  >&5
configure:6844: $? = 0
configure:6844: ./conftest
configure:6844: $? = 0
configure:6858: result: 16
configure:6872: checking for _FORTIFY_SOURCE predefine
configure:6891: gcc -c -g -O2  conftest.c >&5
conftest.c: In function 'main':
conftest.c:28:3: error: #error bogon
configure:6891: $? = 1
configure: failed program was:
| /* confdefs.h */
| #define PACKAGE_NAME "GNU C Library"
| #define PACKAGE_TARNAME "glibc"
| #define PACKAGE_VERSION "(see version.h)"
| #define PACKAGE_STRING "GNU C Library (see version.h)"
| #define PACKAGE_BUGREPORT "http://sourceware.org/bugzilla/"
| #define PACKAGE_URL "http://www.gnu.org/software/glibc/"
| #define PKGVERSION "(GNU libc) "
| #define REPORT_BUGS_TO "<http://www.gnu.org/software/libc/bugs.html>"
| #define HAVE_LIBIDN 1
| #define USE_MULTIARCH 1
| #define HAVE_ASM_SET_DIRECTIVE 1
| #define HAVE_ASM_UNIQUE_OBJECT 1
| #define HAVE_ASM_PREVIOUS_DIRECTIVE 1
| #define NO_CTORS_DTORS_SECTIONS 1
| #define HAVE_Z_COMBRELOC 1
| #define HAVE_ASM_WEAK_DIRECTIVE 1
| #define HAVE_BUILTIN_MEMSET 1
| #define HAVE_CC_INHIBIT_LOOP_TO_LIBCALL 1
| #define SIZEOF_LONG_DOUBLE 16
| /* end confdefs.h.  */
| 
| int
| main ()
| {
| 
| #ifdef _FORTIFY_SOURCE
| # error bogon
| #endif
|   ;
|   return 0;
| }
configure:6898: result: yes
configure:6905: checking whether gcc implicitly enables -fstack-protector
configure:6922: gcc -c -g -O2  conftest.c >&5
configure:6922: $? = 0
libc_undefs='__stack_chk_fail
foobar'
configure:6949: result: yes
configure:6960: checking whether the linker provides working __ehdr_start
configure:6983: gcc -o conftest -g -O2 -fPIC   -nostdlib -nostartfiles -shared conftest.c  >&5
/tmp/ccjjYO20.o: In function `ehdr':
/home/esmurphy/CSC360/A2/conftest.c:28: undefined reference to `__ehdr_start'
/usr/bin/ld: /tmp/ccjjYO20.o: relocation R_X86_64_PC32 against undefined hidden symbol `__ehdr_start' can not be used when making a shared object
/usr/bin/ld: final link failed: Bad value
collect2: ld returned 1 exit status
configure:6983: $? = 1
configure: failed program was:
| /* confdefs.h */
| #define PACKAGE_NAME "GNU C Library"
| #define PACKAGE_TARNAME "glibc"
| #define PACKAGE_VERSION "(see version.h)"
| #define PACKAGE_STRING "GNU C Library (see version.h)"
| #define PACKAGE_BUGREPORT "http://sourceware.org/bugzilla/"
| #define PACKAGE_URL "http://www.gnu.org/software/glibc/"
| #define PKGVERSION "(GNU libc) "
| #define REPORT_BUGS_TO "<http://www.gnu.org/software/libc/bugs.html>"
| #define HAVE_LIBIDN 1
| #define USE_MULTIARCH 1
| #define HAVE_ASM_SET_DIRECTIVE 1
| #define HAVE_ASM_UNIQUE_OBJECT 1
| #define HAVE_ASM_PREVIOUS_DIRECTIVE 1
| #define NO_CTORS_DTORS_SECTIONS 1
| #define HAVE_Z_COMBRELOC 1
| #define HAVE_ASM_WEAK_DIRECTIVE 1
| #define HAVE_BUILTIN_MEMSET 1
| #define HAVE_CC_INHIBIT_LOOP_TO_LIBCALL 1
| #define SIZEOF_LONG_DOUBLE 16
| /* end confdefs.h.  */
| 
| typedef struct {
|   char foo;
|   long val;
| } Ehdr;
| extern const Ehdr __ehdr_start __attribute__ ((visibility ("hidden")));
| long ehdr (void) { return __ehdr_start.val; }
| 
configure:6999: result: no
configure:7009: checking for __builtin_trap with no external dependencies
configure:7026: gcc -c -g -O2  conftest.c >&5
configure:7026: $? = 0
libc_undefs=''
configure:7040: result: yes
configure:7066: result: running configure fragment for sysdeps/unix/sysv/linux/x86_64/64
configure:7066: result: running configure fragment for sysdeps/unix/sysv/linux/x86_64
configure:7066: result: running configure fragment for sysdeps/unix/sysv/linux
configure:40: checking installed Linux kernel header files
configure:59: gcc -c -g -O2  conftest.c >&5
configure:59: $? = 0
configure:66: result: 2.6.32 or later
configure:100: checking for kernel header at least 2.6.32
configure:118: gcc -c -g -O2  conftest.c >&5
configure:118: $? = 0
configure:124: result: ok
configure:142: checking for linux/fanotify.h
configure:142: gcc -c -g -O2  conftest.c >&5
configure:142: $? = 0
configure:142: result: yes
configure:184: checking for symlinks in //home/esmurphy/include
configure:201: result: ok
configure:7066: result: running configure fragment for sysdeps/nptl
configure:13: checking for forced unwind support
configure:37: gcc -c -g -O2  -Dinhibit_libc=1 conftest.c >&5
configure:37: $? = 0
configure:45: result: yes
configure:52: checking for C cleanup handling
configure:72: gcc -c -g -O2 -Werror -fexceptions  conftest.c >&5
configure:72: $? = 0
configure:79: result: yes
configure:7066: result: running configure fragment for sysdeps/gnu
configure:7066: result: running configure fragment for sysdeps/x86_64
configure:36: checking for cpuid.h
configure:36: gcc -c -g -O2  conftest.c >&5
configure:36: $? = 0
configure:36: result: yes
configure:46: checking for SSE4 support
configure:52: gcc -msse4 -xc /dev/null -S -o /dev/null
configure:55: $? = 0
configure:63: result: yes
configure:72: checking for AVX support
configure:78: gcc -mavx -xc /dev/null -S -o /dev/null
configure:81: $? = 0
configure:89: result: yes
configure:98: checking for AVX512 support in assembler
configure:107: gcc -c  conftest.s 1>&5
conftest.s: Assembler messages:
conftest.s:1: Error: no such instruction: `vmovdqu64 %zmm0,(%rsp)'
configure:110: $? = 1
configure:118: result: no
configure:125: checking for AVX512 support
configure:131: gcc -mavx512f -xc /dev/null -S -o /dev/null
cc1: error: unrecognized command line option '-mavx512f'
configure:134: $? = 1
configure:142: result: no
configure:151: checking for AVX encoding of SSE instructions
configure:157: gcc -msse2avx -xc /dev/null -S -o /dev/null
configure:160: $? = 0
configure:168: result: yes
configure:177: checking for FMA4 support
configure:183: gcc -mfma4 -xc /dev/null -S -o /dev/null
configure:186: $? = 0
configure:194: result: yes
configure:203: checking for -mno-vzeroupper support
configure:209: gcc -mno-vzeroupper -xc /dev/null -S -o /dev/null
configure:212: $? = 0
configure:220: result: yes
configure:225: checking for Intel MPX support
configure:234: gcc -c  conftest.s 1>&5
conftest.s: Assembler messages:
conftest.s:1: Error: no such instruction: `bndmov %bnd0,(%rsp)'
configure:237: $? = 1
configure:245: result: no
configure:252: checking for AVX2 support
configure:258: gcc -mavx2 -xc /dev/null -S -o /dev/null
cc1: error: unrecognized command line option '-mavx2'
configure:261: $? = 1
configure:269: result: no
configure:7101: checking for old glibc 2.0.x headers
configure:7109: result: no
configure:7137: checking whether -fPIC is default
configure:7153: result: no
configure:7287: creating ./config.status

## ---------------------- ##
## Running config.status. ##
## ---------------------- ##

This file was extended by GNU C Library config.status (see version.h), which was
generated by GNU Autoconf 2.69.  Invocation command line was

  CONFIG_FILES    = 
  CONFIG_HEADERS  = 
  CONFIG_LINKS    = 
  CONFIG_COMMANDS = 
  $ ./config.status 

on u-fedora

config.status:942: creating config.make
config.status:942: creating Makefile
config.status:942: creating config.h
config.status:1116: executing default commands

## ---------------- ##
## Cache variables. ##
## ---------------- ##

ac_cv_build=x86_64-unknown-linux-gnu
ac_cv_c_compiler_gnu=yes
ac_cv_cxx_compiler_gnu=yes
ac_cv_env_CCC_set=
ac_cv_env_CCC_value=
ac_cv_env_CC_set=
ac_cv_env_CC_value=
ac_cv_env_CFLAGS_set=
ac_cv_env_CFLAGS_value=
ac_cv_env_CPPFLAGS_set=
ac_cv_env_CPPFLAGS_value=
ac_cv_env_CPP_set=
ac_cv_env_CPP_value=
ac_cv_env_CXXFLAGS_set=
ac_cv_env_CXXFLAGS_value=
ac_cv_env_CXX_set=
ac_cv_env_CXX_value=
ac_cv_env_LDFLAGS_set=
ac_cv_env_LDFLAGS_value=
ac_cv_env_LIBS_set=
ac_cv_env_LIBS_value=
ac_cv_env_build_alias_set=
ac_cv_env_build_alias_value=
ac_cv_env_host_alias_set=
ac_cv_env_host_alias_value=
ac_cv_env_target_alias_set=
ac_cv_env_target_alias_value=
ac_cv_header_cpuid_h=yes
ac_cv_header_linux_fanotify_h=yes
ac_cv_host=x86_64-unknown-linux-gnu
ac_cv_lib_selinux_is_selinux_enabled=no
ac_cv_objext=o
ac_cv_path_BASH_SHELL=/public/bin/bash
ac_cv_path_BISON=/usr/bin/bison
ac_cv_path_INSTALL_INFO=/usr/sbin/install-info
ac_cv_path_PERL=/usr/bin/perl
ac_cv_path_install='/usr/bin/install -c'
ac_cv_prog_AS=as
ac_cv_prog_AWK=gawk
ac_cv_prog_CC=gcc
ac_cv_prog_LD=ld
ac_cv_prog_MAKE=make
ac_cv_prog_MSGFMT=msgfmt
ac_cv_prog_SED=sed
ac_cv_prog_ac_ct_CC=gcc
ac_cv_prog_ac_ct_CXX=g++
ac_cv_prog_ac_ct_NM=nm
ac_cv_prog_ac_ct_READELF=readelf
ac_cv_prog_cc_g=yes
ac_cv_prog_cxx_g=yes
ac_cv_sizeof_long_double=16
libc_cv_Bgroup=yes
libc_cv_as_noexecstack=yes
libc_cv_asm_avx512=no
libc_cv_asm_mpx=no
libc_cv_asm_previous_directive=yes
libc_cv_asm_protected_directive=yes
libc_cv_asm_set_directive=yes
libc_cv_asm_unique_object=yes
libc_cv_asm_weak_directive=yes
libc_cv_broken_alias_attribute=no
libc_cv_broken_visibility_attribute=no
libc_cv_builtin_trap=yes
libc_cv_c_cleanup=yes
libc_cv_cc_avx2=no
libc_cv_cc_avx512=no
libc_cv_cc_avx=yes
libc_cv_cc_fma4=yes
libc_cv_cc_loop_to_function=yes
libc_cv_cc_nofma=-ffp-contract=off
libc_cv_cc_novzeroupper=yes
libc_cv_cc_sse2avx=yes
libc_cv_cc_sse4=yes
libc_cv_cc_with_libunwind=no
libc_cv_ctors_header=no
libc_cv_dot_text=.text
libc_cv_ehdr_start=no
libc_cv_fno_toplevel_reorder=yes
libc_cv_forced_unwind=yes
libc_cv_fpie=yes
libc_cv_friendly_stddef=yes
libc_cv_gcc___thread=yes
libc_cv_gcc_builtin_memset=yes
libc_cv_gcc_builtin_redirection=yes
libc_cv_gcc_exceptions=yes
libc_cv_gcc_static_libgcc=-static-libgcc
libc_cv_gcc_tls_model_attr=yes
libc_cv_gcc_unwind_find_fde=no
libc_cv_gnu89_inline=yes
libc_cv_hashstyle=yes
libc_cv_have_sdata_section=no
libc_cv_have_section_quotes=no
libc_cv_idn=no
libc_cv_initfini_array=yes
libc_cv_ld_gnu_indirect_function=yes
libc_cv_ld_no_whole_archive=yes
libc_cv_linux2632='2.6.32 or later'
libc_cv_localstatedir='${prefix}/var'
libc_cv_need_minus_P=no
libc_cv_nss_crypt=no
libc_cv_output_format=elf64-x86-64
libc_cv_pic_default=no
libc_cv_predef_fortify_source=yes
libc_cv_predef_stack_protector=yes
libc_cv_prog_as_gnu=yes
libc_cv_prog_ld_gnu=yes
libc_cv_ssp=yes
libc_cv_sysconfdir='${prefix}/etc'
libc_cv_use_default_link=no
libc_cv_visibility_attribute=yes
libc_cv_x32=no
libc_cv_z_combreloc=yes
libc_cv_z_execstack=yes
libc_cv_z_initfirst=yes
libc_cv_z_nodelete=yes
libc_cv_z_nodlopen=yes

## ----------------- ##
## Output variables. ##
## ----------------- ##

AR='ar'
AS='as'
ASFLAGS_config=' -Wa,--noexecstack'
AUTOCONF='no'
AWK='gawk'
BASH_SHELL='/public/bin/bash'
BISON='/usr/bin/bison'
BUILD_CC=''
CC='gcc'
CFLAGS='-g -O2'
CPP='gcc -E'
CPPFLAGS=''
CPPUNDEFS='-U_FORTIFY_SOURCE'
CXX='g++'
CXXFLAGS='-g -O2'
CXX_SYSINCLUDES=''
DEFINES=''
DEFS='-DHAVE_CONFIG_H'
ECHO_C=''
ECHO_N='-n'
ECHO_T=''
INSTALL_DATA='${INSTALL} -m 644'
INSTALL_INFO='/usr/sbin/install-info'
INSTALL_PROGRAM='${INSTALL}'
INSTALL_SCRIPT='${INSTALL}'
LD='ld'
LDFLAGS=''
LIBGD='no'
LIBOBJS=''
LIBS=''
LN_S='ln -s'
LTLIBOBJS=''
MAKE='make'
MAKEINFO=':'
MSGFMT='msgfmt'
NM='nm'
OBJCOPY='objcopy'
OBJDUMP='objdump'
OBJEXT='o'
PACKAGE_BUGREPORT='http://sourceware.org/bugzilla/'
PACKAGE_NAME='GNU C Library'
PACKAGE_STRING='GNU C Library (see version.h)'
PACKAGE_TARNAME='glibc'
PACKAGE_URL='http://www.gnu.org/software/glibc/'
PACKAGE_VERSION='(see version.h)'
PATH_SEPARATOR=':'
PERL='/usr/bin/perl'
PKGVERSION='(GNU libc) '
PKGVERSION_TEXI='(GNU libc) '
READELF='readelf'
RELEASE='development'
REPORT_BUGS_TEXI='@uref{http://www.gnu.org/software/libc/bugs.html}'
REPORT_BUGS_TO='<http://www.gnu.org/software/libc/bugs.html>'
SED='sed'
SHELL='/bin/bash'
SYSINCLUDES=''
VERSION='2.20.90'
ac_ct_CC='gcc'
ac_ct_CXX='g++'
add_on_subdirs=' libidn'
add_ons='libidn'
all_warnings=''
base_machine='x86_64'
bindir='${exec_prefix}/bin'
bindnow='no'
build='x86_64-unknown-linux-gnu'
build_alias=''
build_cpu='x86_64'
build_nscd='yes'
build_os='linux-gnu'
build_pt_chown='no'
build_vendor='unknown'
cross_compiling='no'
datadir='${datarootdir}'
datarootdir='${prefix}/share'
docdir='${datarootdir}/doc/${PACKAGE_TARNAME}'
dvidir='${docdir}'
enable_lock_elision='no'
exceptions='-fexceptions'
exec_prefix='${prefix}'
fno_unit_at_a_time='-fno-toplevel-reorder -fno-section-anchors'
force_install='yes'
gnu89_inline='-fgnu89-inline'
hardcoded_path_in_tests='no'
have_libaudit=''
have_libcap=''
have_selinux='no'
host='x86_64-unknown-linux-gnu'
host_alias=''
host_cpu='x86_64'
host_os='linux-gnu'
host_vendor='unknown'
htmldir='${docdir}'
includedir='${prefix}/include'
infodir='${datarootdir}/info'
ldd_rewrite_script='sysdeps/unix/sysv/linux/x86_64/ldd-rewrite.sed'
libc_cv_Bgroup='yes'
libc_cv_cc_loop_to_function='yes'
libc_cv_cc_nofma='-ffp-contract=off'
libc_cv_cc_submachine=''
libc_cv_cc_with_libunwind='no'
libc_cv_forced_unwind='yes'
libc_cv_fpie='yes'
libc_cv_gcc_static_libgcc='-static-libgcc'
libc_cv_gcc_unwind_find_fde='no'
libc_cv_hashstyle='yes'
libc_cv_localedir=''
libc_cv_localstatedir='${prefix}/var'
libc_cv_nss_crypt='no'
libc_cv_output_format='elf64-x86-64'
libc_cv_pic_default='no'
libc_cv_rootsbindir=''
libc_cv_rtlddir=''
libc_cv_slibdir=''
libc_cv_ssp='yes'
libc_cv_sysconfdir='${prefix}/etc'
libc_cv_z_combreloc='yes'
libc_cv_z_execstack='yes'
libc_extra_cflags=' -fno-stack-protector'
libc_extra_cppflags=''
libdir='${exec_prefix}/lib'
libexecdir='${exec_prefix}/libexec'
link_obsolete_rpc='no'
localedir='${datarootdir}/locale'
localstatedir='${prefix}/var'
mach_interface_list=''
mandir='${datarootdir}/man'
multi_arch='default'
old_glibc_headers='no'
oldincludedir='/usr/include'
pdfdir='${docdir}'
prefix='//home/esmurphy'
profile='no'
program_transform_name='s,x,x,'
psdir='${docdir}'
sbindir='${exec_prefix}/sbin'
shared='yes'
sharedstatedir='${prefix}/com'
sizeof_long_double='16'
static=''
static_nss='no'
subdirs='  '
submachine=''
sysconfdir='${prefix}/etc'
sysdeps_add_ons=''
sysheaders=''
sysnames=' sysdeps/unix/sysv/linux/x86_64/64 sysdeps/unix/sysv/linux/x86_64 sysdeps/unix/sysv/linux/x86 sysdeps/unix/sysv/linux/wordsize-64 sysdeps/x86_64/nptl sysdeps/unix/sysv/linux sysdeps/nptl sysdeps/pthread sysdeps/gnu sysdeps/unix/inet sysdeps/unix/sysv sysdeps/unix/x86_64 sysdeps/unix sysdeps/posix sysdeps/x86_64/64 sysdeps/x86_64/fpu/multiarch sysdeps/x86_64/fpu sysdeps/x86/fpu sysdeps/x86_64/multiarch sysdeps/x86_64 sysdeps/x86 sysdeps/ieee754/ldbl-96 sysdeps/ieee754/dbl-64/wordsize-64 sysdeps/ieee754/dbl-64 sysdeps/ieee754/flt-32 sysdeps/wordsize-64 sysdeps/ieee754 sysdeps/generic'
target_alias=''
use_default_link='no'
use_ldconfig='yes'
use_nscd='yes'
with_fp='yes'

## ----------- ##
## confdefs.h. ##
## ----------- ##

/* confdefs.h */
#define PACKAGE_NAME "GNU C Library"
#define PACKAGE_TARNAME "glibc"
#define PACKAGE_VERSION "(see version.h)"
#define PACKAGE_STRING "GNU C Library (see version.h)"
#define PACKAGE_BUGREPORT "http://sourceware.org/bugzilla/"
#define PACKAGE_URL "http://www.gnu.org/software/glibc/"
#define PKGVERSION "(GNU libc) "
#define REPORT_BUGS_TO "<http://www.gnu.org/software/libc/bugs.html>"
#define HAVE_LIBIDN 1
#define USE_MULTIARCH 1
#define HAVE_ASM_SET_DIRECTIVE 1
#define HAVE_ASM_UNIQUE_OBJECT 1
#define HAVE_ASM_PREVIOUS_DIRECTIVE 1
#define NO_CTORS_DTORS_SECTIONS 1
#define HAVE_Z_COMBRELOC 1
#define HAVE_ASM_WEAK_DIRECTIVE 1
#define HAVE_BUILTIN_MEMSET 1
#define HAVE_CC_INHIBIT_LOOP_TO_LIBCALL 1
#define SIZEOF_LONG_DOUBLE 16
#define HAVE_BUILTIN_TRAP 1
#define __LINUX_KERNEL_VERSION (2 * 65536 + 6 * 256 + 32)
#define __ABI_TAG_VERSION 2,6,32
#define HAVE_LINUX_FANOTIFY_H 1
#define HAVE_INLINED_SYSCALLS 1
#define HAVE_FORCED_UNWIND 1
#define HAVE_SSE4_SUPPORT 1
#define HAVE_AVX_SUPPORT 1
#define HAVE_SSE2AVX_SUPPORT 1
#define HAVE_FMA4_SUPPORT 1
#define PI_STATIC_AND_HIDDEN 1
#define HAVE_IFUNC 1
#define USE_NSCD 1
#define USE_LDCONFIG 1

configure: exit 0
